\BOOKMARK [0][-]{toctarget.0}{\376\377\000C\000o\000n\000t\000e\000n\000t\000s}{}% 1
\BOOKMARK [0][-]{chapter*.3}{\376\377\000F\000o\000r\000e\000w\000o\000r\000d}{}% 2
\BOOKMARK [0][-]{chapter*.4}{\376\377\000I\000n\000t\000r\000o\000d\000u\000c\000t\000i\000o\000n}{}% 3
\BOOKMARK [0][-]{chapter.1}{\376\377\0001\000\040\000S\000c\000o\000p\000e}{}% 4
\BOOKMARK [0][-]{chapter.2}{\376\377\0002\000\040\000R\000e\000f\000e\000r\000e\000n\000c\000e\000s}{}% 5
\BOOKMARK [0][-]{chapter.3}{\376\377\0003\000\040\000T\000e\000r\000m\000s\000\040\000a\000n\000d\000\040\000d\000e\000f\000i\000n\000i\000t\000i\000o\000n\000s}{}% 6
\BOOKMARK [0][-]{chapter.4}{\376\377\0004\000\040\000S\000p\000e\000c\000i\000f\000i\000c\000a\000t\000i\000o\000n}{}% 7
\BOOKMARK [1][-]{section.4.1}{\376\377\0004\000.\0001\000\040\000E\000x\000t\000e\000r\000n\000a\000l}{chapter.4}% 8
\BOOKMARK [1][-]{section.4.2}{\376\377\0004\000.\0002\000\040\000C\000a\000t\000e\000g\000o\000r\000i\000e\000s}{chapter.4}% 9
\BOOKMARK [1][-]{section.4.3}{\376\377\0004\000.\0003\000\040\000M\000o\000d\000u\000l\000e\000s}{chapter.4}% 10
\BOOKMARK [1][-]{section.4.4}{\376\377\0004\000.\0004\000\040\000L\000i\000b\000r\000a\000r\000y\000-\000w\000i\000d\000e\000\040\000r\000e\000q\000u\000i\000r\000e\000m\000e\000n\000t\000s}{chapter.4}% 11
\BOOKMARK [2][-]{subsection.4.4.1}{\376\377\0004\000.\0004\000.\0001\000\040\000R\000e\000s\000e\000r\000v\000e\000d\000\040\000n\000a\000m\000e\000s}{section.4.4}% 12
\BOOKMARK [0][-]{chapter.5}{\376\377\0005\000\040\000Q\000u\000a\000n\000t\000i\000t\000i\000e\000s\000\040\000a\000n\000d\000\040\000u\000n\000i\000t\000s\000\040\000l\000i\000b\000r\000a\000r\000y}{}% 13
\BOOKMARK [1][-]{section.5.1}{\376\377\0005\000.\0001\000\040\000S\000u\000m\000m\000a\000r\000y}{chapter.5}% 14
\BOOKMARK [1][-]{section.5.2}{\376\377\0005\000.\0002\000\040\000m\000p\000-\000u\000n\000i\000t\000s\000\040\000m\000o\000d\000u\000l\000e\000\040\000s\000y\000n\000o\000p\000s\000e\000s}{chapter.5}% 15
\BOOKMARK [2][-]{subsection.5.2.1}{\376\377\0005\000.\0002\000.\0001\000\040\000M\000o\000d\000u\000l\000e\000\040\000m\000p\000_\000u\000n\000i\000t\000s\000\040\000s\000y\000n\000o\000p\000s\000i\000s}{section.5.2}% 16
\BOOKMARK [2][-]{subsection.5.2.2}{\376\377\0005\000.\0002\000.\0002\000\040\000M\000o\000d\000u\000l\000e\000\040\000m\000p\000_\000u\000n\000i\000t\000s\000.\000c\000o\000r\000e\000\040\000s\000y\000n\000o\000p\000s\000i\000s}{section.5.2}% 17
\BOOKMARK [2][-]{subsection.5.2.3}{\376\377\0005\000.\0002\000.\0003\000\040\000M\000o\000d\000u\000l\000e\000\040\000m\000p\000_\000u\000n\000i\000t\000s\000.\000s\000y\000s\000t\000e\000m\000s\000\040\000s\000y\000n\000o\000p\000s\000i\000s}{section.5.2}% 18
\BOOKMARK [1][-]{section.5.3}{\376\377\0005\000.\0003\000\040\000U\000t\000i\000l\000i\000t\000i\000e\000s}{chapter.5}% 19
\BOOKMARK [2][-]{subsection.5.3.1}{\376\377\0005\000.\0003\000.\0001\000\040\000N\000o\000n\000-\000t\000y\000p\000e\000s}{section.5.3}% 20
\BOOKMARK [2][-]{subsection.5.3.2}{\376\377\0005\000.\0003\000.\0002\000\040\000R\000a\000t\000i\000o}{section.5.3}% 21
\BOOKMARK [2][-]{subsection.5.3.3}{\376\377\0005\000.\0003\000.\0003\000\040\000S\000y\000m\000b\000o\000l\000\040\000t\000e\000x\000t}{section.5.3}% 22
\BOOKMARK [2][-]{subsection.5.3.4}{\376\377\0005\000.\0003\000.\0004\000\040\000S\000y\000m\000b\000o\000l\000i\000c\000\040\000e\000x\000p\000r\000e\000s\000s\000i\000o\000n\000s}{section.5.3}% 23
\BOOKMARK [3][-]{subsubsection.5.3.4.1}{\376\377\0005\000.\0003\000.\0004\000.\0001\000\040\000G\000e\000n\000e\000r\000a\000l}{subsection.5.3.4}% 24
\BOOKMARK [3][-]{subsubsection.5.3.4.2}{\376\377\0005\000.\0003\000.\0004\000.\0002\000\040\000C\000o\000n\000c\000e\000p\000t\000\040\000S\000y\000m\000b\000o\000l\000i\000c\000C\000o\000n\000s\000t\000a\000n\000t}{subsection.5.3.4}% 25
\BOOKMARK [3][-]{subsubsection.5.3.4.3}{\376\377\0005\000.\0003\000.\0004\000.\0003\000\040\000T\000y\000p\000e\000s}{subsection.5.3.4}% 26
\BOOKMARK [3][-]{subsubsection.5.3.4.4}{\376\377\0005\000.\0003\000.\0004\000.\0004\000\040\000A\000l\000g\000o\000r\000i\000t\000h\000m\000s}{subsection.5.3.4}% 27
\BOOKMARK [1][-]{section.5.4}{\376\377\0005\000.\0004\000\040\000R\000e\000f\000e\000r\000e\000n\000c\000e}{chapter.5}% 28
\BOOKMARK [2][-]{subsection.5.4.1}{\376\377\0005\000.\0004\000.\0001\000\040\000G\000e\000n\000e\000r\000a\000l}{section.5.4}% 29
\BOOKMARK [2][-]{subsection.5.4.2}{\376\377\0005\000.\0004\000.\0002\000\040\000D\000i\000m\000e\000n\000s\000i\000o\000n}{section.5.4}% 30
\BOOKMARK [3][-]{subsubsection.5.4.2.1}{\376\377\0005\000.\0004\000.\0002\000.\0001\000\040\000G\000e\000n\000e\000r\000a\000l}{subsection.5.4.2}% 31
\BOOKMARK [3][-]{subsubsection.5.4.2.2}{\376\377\0005\000.\0004\000.\0002\000.\0002\000\040\000C\000o\000n\000c\000e\000p\000t\000s}{subsection.5.4.2}% 32
\BOOKMARK [3][-]{subsubsection.5.4.2.3}{\376\377\0005\000.\0004\000.\0002\000.\0003\000\040\000T\000y\000p\000e\000s}{subsection.5.4.2}% 33
\BOOKMARK [3][-]{subsubsection.5.4.2.4}{\376\377\0005\000.\0004\000.\0002\000.\0004\000\040\000O\000p\000e\000r\000a\000t\000i\000o\000n\000s}{subsection.5.4.2}% 34
\BOOKMARK [3][-]{subsubsection.5.4.2.5}{\376\377\0005\000.\0004\000.\0002\000.\0005\000\040\000S\000y\000m\000b\000o\000l\000\040\000f\000o\000r\000m\000a\000t\000t\000i\000n\000g}{subsection.5.4.2}% 35
\BOOKMARK [2][-]{subsection.5.4.3}{\376\377\0005\000.\0004\000.\0003\000\040\000Q\000u\000a\000n\000t\000i\000t\000y\000\040\000s\000p\000e\000c\000i\000f\000i\000c\000a\000t\000i\000o\000n}{section.5.4}% 36
\BOOKMARK [3][-]{subsubsection.5.4.3.1}{\376\377\0005\000.\0004\000.\0003\000.\0001\000\040\000G\000e\000n\000e\000r\000a\000l}{subsection.5.4.3}% 37
\BOOKMARK [3][-]{subsubsection.5.4.3.2}{\376\377\0005\000.\0004\000.\0003\000.\0002\000\040\000C\000o\000n\000c\000e\000p\000t\000s}{subsection.5.4.3}% 38
\BOOKMARK [3][-]{subsubsection.5.4.3.3}{\376\377\0005\000.\0004\000.\0003\000.\0003\000\040\000T\000y\000p\000e\000s}{subsection.5.4.3}% 39
\BOOKMARK [4][-]{paragraph.5.4.3.3.1}{\376\377\0005\000.\0004\000.\0003\000.\0003\000.\0001\000\040\000N\000a\000m\000e\000d}{subsubsection.5.4.3.3}% 40
\BOOKMARK [4][-]{paragraph.5.4.3.3.2}{\376\377\0005\000.\0004\000.\0003\000.\0003\000.\0002\000\040\000D\000e\000r\000i\000v\000e\000d}{subsubsection.5.4.3.3}% 41
\BOOKMARK [4][-]{paragraph.5.4.3.3.3}{\376\377\0005\000.\0004\000.\0003\000.\0003\000.\0003\000\040\000B\000a\000s\000e\000\040\000q\000u\000a\000n\000t\000i\000t\000y\000\040\000o\000f\000\040\000d\000i\000m\000e\000n\000s\000i\000o\000n\000\040\000o\000n\000e}{subsubsection.5.4.3.3}% 42
\BOOKMARK [4][-]{paragraph.5.4.3.3.4}{\376\377\0005\000.\0004\000.\0003\000.\0003\000.\0004\000\040\000K\000i\000n\000d\000\040\000o\000f}{subsubsection.5.4.3.3}% 43
\BOOKMARK [3][-]{subsubsection.5.4.3.4}{\376\377\0005\000.\0004\000.\0003\000.\0004\000\040\000U\000t\000i\000l\000i\000t\000i\000e\000s}{subsection.5.4.3}% 44
\BOOKMARK [3][-]{subsubsection.5.4.3.5}{\376\377\0005\000.\0004\000.\0003\000.\0005\000\040\000O\000p\000e\000r\000a\000t\000i\000o\000n\000s}{subsection.5.4.3}% 45
\BOOKMARK [3][-]{subsubsection.5.4.3.6}{\376\377\0005\000.\0004\000.\0003\000.\0006\000\040\000H\000i\000e\000r\000a\000r\000c\000h\000y\000\040\000a\000l\000g\000o\000r\000i\000t\000h\000m\000s}{subsection.5.4.3}% 46
\BOOKMARK [4][-]{paragraph.5.4.3.6.1}{\376\377\0005\000.\0004\000.\0003\000.\0006\000.\0001\000\040\000C\000o\000n\000v\000e\000r\000s\000i\000o\000n}{subsubsection.5.4.3.6}% 47
\BOOKMARK [4][-]{paragraph.5.4.3.6.2}{\376\377\0005\000.\0004\000.\0003\000.\0006\000.\0002\000\040\000G\000e\000t\000\040\000k\000i\000n\000d}{subsubsection.5.4.3.6}% 48
\BOOKMARK [4][-]{paragraph.5.4.3.6.3}{\376\377\0005\000.\0004\000.\0003\000.\0006\000.\0003\000\040\000G\000e\000t\000\040\000c\000o\000m\000m\000o\000n\000\040\000q\000u\000a\000n\000t\000i\000t\000y\000\040\000s\000p\000e\000c\000i\000f\000i\000c\000a\000t\000i\000o\000n}{subsubsection.5.4.3.6}% 49
\BOOKMARK [4][-]{paragraph.5.4.3.6.4}{\376\377\0005\000.\0004\000.\0003\000.\0006\000.\0004\000\040\000G\000e\000t\000\040\000c\000o\000m\000m\000o\000n\000\040\000b\000a\000s\000e}{subsubsection.5.4.3.6}% 50
\BOOKMARK [4][-]{paragraph.5.4.3.6.5}{\376\377\0005\000.\0004\000.\0003\000.\0006\000.\0005\000\040\000I\000s\000\040\000c\000h\000i\000l\000d\000\040\000o\000f}{subsubsection.5.4.3.6}% 51
\BOOKMARK [2][-]{subsection.5.4.4}{\376\377\0005\000.\0004\000.\0004\000\040\000U\000n\000i\000t}{section.5.4}% 52
\BOOKMARK [3][-]{subsubsection.5.4.4.1}{\376\377\0005\000.\0004\000.\0004\000.\0001\000\040\000G\000e\000n\000e\000r\000a\000l}{subsection.5.4.4}% 53
\BOOKMARK [3][-]{subsubsection.5.4.4.2}{\376\377\0005\000.\0004\000.\0004\000.\0002\000\040\000M\000a\000g\000n\000i\000t\000u\000d\000e}{subsection.5.4.4}% 54
\BOOKMARK [4][-]{paragraph.5.4.4.2.1}{\376\377\0005\000.\0004\000.\0004\000.\0002\000.\0001\000\040\000G\000e\000n\000e\000r\000a\000l}{subsubsection.5.4.4.2}% 55
\BOOKMARK [4][-]{paragraph.5.4.4.2.2}{\376\377\0005\000.\0004\000.\0004\000.\0002\000.\0002\000\040\000C\000o\000n\000c\000e\000p\000t\000s}{subsubsection.5.4.4.2}% 56
\BOOKMARK [4][-]{paragraph.5.4.4.2.3}{\376\377\0005\000.\0004\000.\0004\000.\0002\000.\0003\000\040\000T\000y\000p\000e\000s}{subsubsection.5.4.4.2}% 57
\BOOKMARK [4][-]{paragraph.5.4.4.2.4}{\376\377\0005\000.\0004\000.\0004\000.\0002\000.\0004\000\040\000O\000p\000e\000r\000a\000t\000i\000o\000n\000s}{subsubsection.5.4.4.2}% 58
\BOOKMARK [4][-]{paragraph.5.4.4.2.5}{\376\377\0005\000.\0004\000.\0004\000.\0002\000.\0005\000\040\000U\000t\000i\000l\000i\000t\000i\000e\000s}{subsubsection.5.4.4.2}% 59
\BOOKMARK [3][-]{subsubsection.5.4.4.3}{\376\377\0005\000.\0004\000.\0004\000.\0003\000\040\000T\000r\000a\000i\000t\000s}{subsection.5.4.4}% 60
\BOOKMARK [3][-]{subsubsection.5.4.4.4}{\376\377\0005\000.\0004\000.\0004\000.\0004\000\040\000C\000o\000n\000c\000e\000p\000t\000s}{subsection.5.4.4}% 61
\BOOKMARK [3][-]{subsubsection.5.4.4.5}{\376\377\0005\000.\0004\000.\0004\000.\0005\000\040\000T\000y\000p\000e\000s}{subsection.5.4.4}% 62
\BOOKMARK [4][-]{paragraph.5.4.4.5.1}{\376\377\0005\000.\0004\000.\0004\000.\0005\000.\0001\000\040\000C\000a\000n\000o\000n\000i\000c\000a\000l}{subsubsection.5.4.4.5}% 63
\BOOKMARK [4][-]{paragraph.5.4.4.5.2}{\376\377\0005\000.\0004\000.\0004\000.\0005\000.\0002\000\040\000S\000c\000a\000l\000e\000d}{subsubsection.5.4.4.5}% 64
\BOOKMARK [4][-]{paragraph.5.4.4.5.3}{\376\377\0005\000.\0004\000.\0004\000.\0005\000.\0003\000\040\000N\000a\000m\000e\000d}{subsubsection.5.4.4.5}% 65
\BOOKMARK [4][-]{paragraph.5.4.4.5.4}{\376\377\0005\000.\0004\000.\0004\000.\0005\000.\0004\000\040\000P\000r\000e\000f\000i\000x\000e\000d}{subsubsection.5.4.4.5}% 66
\BOOKMARK [4][-]{paragraph.5.4.4.5.5}{\376\377\0005\000.\0004\000.\0004\000.\0005\000.\0005\000\040\000C\000o\000m\000m\000o\000n}{subsubsection.5.4.4.5}% 67
\BOOKMARK [4][-]{paragraph.5.4.4.5.6}{\376\377\0005\000.\0004\000.\0004\000.\0005\000.\0006\000\040\000D\000e\000r\000i\000v\000e\000d}{subsubsection.5.4.4.5}% 68
\BOOKMARK [4][-]{paragraph.5.4.4.5.7}{\376\377\0005\000.\0004\000.\0004\000.\0005\000.\0007\000\040\000O\000n\000e}{subsubsection.5.4.4.5}% 69
\BOOKMARK [3][-]{subsubsection.5.4.4.6}{\376\377\0005\000.\0004\000.\0004\000.\0006\000\040\000O\000p\000e\000r\000a\000t\000i\000o\000n\000s}{subsection.5.4.4}% 70
\BOOKMARK [3][-]{subsubsection.5.4.4.7}{\376\377\0005\000.\0004\000.\0004\000.\0007\000\040\000C\000o\000m\000p\000a\000r\000i\000s\000o\000n}{subsection.5.4.4}% 71
\BOOKMARK [3][-]{subsubsection.5.4.4.8}{\376\377\0005\000.\0004\000.\0004\000.\0008\000\040\000O\000b\000s\000e\000r\000v\000e\000r\000s}{subsection.5.4.4}% 72
\BOOKMARK [3][-]{subsubsection.5.4.4.9}{\376\377\0005\000.\0004\000.\0004\000.\0009\000\040\000A\000s\000s\000o\000c\000i\000a\000t\000e\000d\000\040\000q\000u\000a\000n\000t\000i\000t\000y}{subsection.5.4.4}% 73
\BOOKMARK [3][-]{subsubsection.5.4.4.10}{\376\377\0005\000.\0004\000.\0004\000.\0001\0000\000\040\000S\000y\000m\000b\000o\000l\000\040\000f\000o\000r\000m\000a\000t\000t\000i\000n\000g}{subsection.5.4.4}% 74
\BOOKMARK [2][-]{subsection.5.4.5}{\376\377\0005\000.\0004\000.\0005\000\040\000C\000o\000n\000c\000e\000p\000t\000s}{section.5.4}% 75
\BOOKMARK [2][-]{subsection.5.4.6}{\376\377\0005\000.\0004\000.\0006\000\040\000C\000l\000a\000s\000s\000\040\000t\000e\000m\000p\000l\000a\000t\000e\000\040\000r\000e\000f\000e\000r\000e\000n\000c\000e}{section.5.4}% 76
\BOOKMARK [2][-]{subsection.5.4.7}{\376\377\0005\000.\0004\000.\0007\000\040\000O\000p\000e\000r\000a\000t\000i\000o\000n\000s}{section.5.4}% 77
\BOOKMARK [2][-]{subsection.5.4.8}{\376\377\0005\000.\0004\000.\0008\000\040\000C\000o\000m\000p\000a\000r\000i\000s\000o\000n}{section.5.4}% 78
\BOOKMARK [2][-]{subsection.5.4.9}{\376\377\0005\000.\0004\000.\0009\000\040\000O\000b\000s\000e\000r\000v\000e\000r\000s}{section.5.4}% 79
\BOOKMARK [1][-]{section.5.5}{\376\377\0005\000.\0005\000\040\000R\000e\000p\000r\000e\000s\000e\000n\000t\000a\000t\000i\000o\000n}{chapter.5}% 80
\BOOKMARK [2][-]{subsection.5.5.1}{\376\377\0005\000.\0005\000.\0001\000\040\000G\000e\000n\000e\000r\000a\000l}{section.5.5}% 81
\BOOKMARK [2][-]{subsection.5.5.2}{\376\377\0005\000.\0005\000.\0002\000\040\000T\000r\000a\000i\000t\000s}{section.5.5}% 82
\BOOKMARK [3][-]{subsubsection.5.5.2.1}{\376\377\0005\000.\0005\000.\0002\000.\0001\000\040\000F\000l\000o\000a\000t\000i\000n\000g\000-\000p\000o\000i\000n\000t}{subsection.5.5.2}% 83
\BOOKMARK [3][-]{subsubsection.5.5.2.2}{\376\377\0005\000.\0005\000.\0002\000.\0002\000\040\000Q\000u\000a\000n\000t\000i\000t\000y\000\040\000c\000h\000a\000r\000a\000c\000t\000e\000r}{subsection.5.5.2}% 84
\BOOKMARK [3][-]{subsubsection.5.5.2.3}{\376\377\0005\000.\0005\000.\0002\000.\0003\000\040\000V\000a\000l\000u\000e\000s}{subsection.5.5.2}% 85
\BOOKMARK [2][-]{subsection.5.5.3}{\376\377\0005\000.\0005\000.\0003\000\040\000C\000u\000s\000t\000o\000m\000i\000z\000a\000t\000i\000o\000n\000\040\000p\000o\000i\000n\000t\000\040\000o\000b\000j\000e\000c\000t\000s}{section.5.5}% 86
\BOOKMARK [3][-]{subsubsection.5.5.3.1}{\376\377\0005\000.\0005\000.\0003\000.\0001\000\040\000G\000e\000n\000e\000r\000a\000l}{subsection.5.5.3}% 87
\BOOKMARK [3][-]{subsubsection.5.5.3.2}{\376\377\0005\000.\0005\000.\0003\000.\0002\000\040\000m\000p\000_\000u\000n\000i\000t\000s\000:\000:\000r\000e\000a\000l}{subsection.5.5.3}% 88
\BOOKMARK [3][-]{subsubsection.5.5.3.3}{\376\377\0005\000.\0005\000.\0003\000.\0003\000\040\000m\000p\000_\000u\000n\000i\000t\000s\000:\000:\000i\000m\000a\000g}{subsection.5.5.3}% 89
\BOOKMARK [3][-]{subsubsection.5.5.3.4}{\376\377\0005\000.\0005\000.\0003\000.\0004\000\040\000m\000p\000_\000u\000n\000i\000t\000s\000:\000:\000m\000o\000d\000u\000l\000u\000s}{subsection.5.5.3}% 90
\BOOKMARK [3][-]{subsubsection.5.5.3.5}{\376\377\0005\000.\0005\000.\0003\000.\0005\000\040\000m\000p\000_\000u\000n\000i\000t\000s\000:\000:\000m\000a\000g\000n\000i\000t\000u\000d\000e}{subsection.5.5.3}% 91
\BOOKMARK [2][-]{subsection.5.5.4}{\376\377\0005\000.\0005\000.\0004\000\040\000C\000o\000n\000c\000e\000p\000t\000s}{section.5.5}% 92
\BOOKMARK [1][-]{section.5.6}{\376\377\0005\000.\0006\000\040\000Q\000u\000a\000n\000t\000i\000t\000y}{chapter.5}% 93
\BOOKMARK [2][-]{subsection.5.6.1}{\376\377\0005\000.\0006\000.\0001\000\040\000G\000e\000n\000e\000r\000a\000l}{section.5.6}% 94
\BOOKMARK [2][-]{subsection.5.6.2}{\376\377\0005\000.\0006\000.\0002\000\040\000I\000n\000t\000e\000r\000o\000p\000e\000r\000a\000b\000i\000l\000i\000t\000y}{section.5.6}% 95
\BOOKMARK [2][-]{subsection.5.6.3}{\376\377\0005\000.\0006\000.\0003\000\040\000C\000l\000a\000s\000s\000\040\000t\000e\000m\000p\000l\000a\000t\000e\000\040\000q\000u\000a\000n\000t\000i\000t\000y}{section.5.6}% 96
\BOOKMARK [2][-]{subsection.5.6.4}{\376\377\0005\000.\0006\000.\0004\000\040\000S\000t\000a\000t\000i\000c\000\040\000m\000e\000m\000b\000e\000r\000\040\000f\000u\000n\000c\000t\000i\000o\000n\000s}{section.5.6}% 97
\BOOKMARK [2][-]{subsection.5.6.5}{\376\377\0005\000.\0006\000.\0005\000\040\000C\000o\000n\000s\000t\000r\000u\000c\000t\000o\000r\000s\000\040\000a\000n\000d\000\040\000a\000s\000s\000i\000g\000n\000m\000e\000n\000t}{section.5.6}% 98
\BOOKMARK [2][-]{subsection.5.6.6}{\376\377\0005\000.\0006\000.\0006\000\040\000C\000o\000n\000v\000e\000r\000s\000i\000o\000n\000s}{section.5.6}% 99
\BOOKMARK [2][-]{subsection.5.6.7}{\376\377\0005\000.\0006\000.\0007\000\040\000N\000u\000m\000e\000r\000i\000c\000a\000l\000\040\000v\000a\000l\000u\000e\000\040\000o\000b\000s\000e\000r\000v\000e\000r\000s}{section.5.6}% 100
\BOOKMARK [2][-]{subsection.5.6.8}{\376\377\0005\000.\0006\000.\0008\000\040\000C\000o\000n\000v\000e\000r\000s\000i\000o\000n\000\040\000o\000p\000e\000r\000a\000t\000i\000o\000n\000s}{section.5.6}% 101
\BOOKMARK [2][-]{subsection.5.6.9}{\376\377\0005\000.\0006\000.\0009\000\040\000U\000n\000a\000r\000y\000\040\000o\000p\000e\000r\000a\000t\000i\000o\000n\000s}{section.5.6}% 102
\BOOKMARK [2][-]{subsection.5.6.10}{\376\377\0005\000.\0006\000.\0001\0000\000\040\000C\000o\000m\000p\000o\000u\000n\000d\000\040\000a\000s\000s\000i\000g\000n\000m\000e\000n\000t\000\040\000o\000p\000e\000r\000a\000t\000i\000o\000n\000s}{section.5.6}% 103
\BOOKMARK [2][-]{subsection.5.6.11}{\376\377\0005\000.\0006\000.\0001\0001\000\040\000A\000r\000i\000t\000h\000m\000e\000t\000i\000c\000\040\000o\000p\000e\000r\000a\000t\000i\000o\000n\000s}{section.5.6}% 104
\BOOKMARK [2][-]{subsection.5.6.12}{\376\377\0005\000.\0006\000.\0001\0002\000\040\000C\000o\000m\000p\000a\000r\000i\000s\000o\000n}{section.5.6}% 105
\BOOKMARK [2][-]{subsection.5.6.13}{\376\377\0005\000.\0006\000.\0001\0003\000\040\000V\000a\000l\000u\000e\000\040\000c\000o\000m\000p\000a\000r\000i\000s\000o\000n}{section.5.6}% 106
\BOOKMARK [2][-]{subsection.5.6.14}{\376\377\0005\000.\0006\000.\0001\0004\000\040\000C\000o\000n\000s\000t\000r\000u\000c\000t\000i\000o\000n\000\040\000h\000e\000l\000p\000e\000r\000\040\000d\000e\000l\000t\000a}{section.5.6}% 107
\BOOKMARK [2][-]{subsection.5.6.15}{\376\377\0005\000.\0006\000.\0001\0005\000\040\000N\000o\000n\000-\000m\000e\000m\000b\000e\000r\000\040\000c\000o\000n\000v\000e\000r\000s\000i\000o\000n\000s}{section.5.6}% 108
\BOOKMARK [2][-]{subsection.5.6.16}{\376\377\0005\000.\0006\000.\0001\0006\000\040\000s\000t\000d\000:\000:\000c\000o\000m\000m\000o\000n\000_\000t\000y\000p\000e\000\040\000s\000p\000e\000c\000i\000a\000l\000i\000z\000a\000t\000i\000o\000n\000s}{section.5.6}% 109
\BOOKMARK [1][-]{section.5.7}{\376\377\0005\000.\0007\000\040\000Q\000u\000a\000n\000t\000i\000t\000y\000\040\000p\000o\000i\000n\000t}{chapter.5}% 110
\BOOKMARK [2][-]{subsection.5.7.1}{\376\377\0005\000.\0007\000.\0001\000\040\000G\000e\000n\000e\000r\000a\000l}{section.5.7}% 111
\BOOKMARK [2][-]{subsection.5.7.2}{\376\377\0005\000.\0007\000.\0002\000\040\000P\000o\000i\000n\000t\000\040\000o\000r\000i\000g\000i\000n}{section.5.7}% 112
\BOOKMARK [3][-]{subsubsection.5.7.2.1}{\376\377\0005\000.\0007\000.\0002\000.\0001\000\040\000G\000e\000n\000e\000r\000a\000l}{subsection.5.7.2}% 113
\BOOKMARK [3][-]{subsubsection.5.7.2.2}{\376\377\0005\000.\0007\000.\0002\000.\0002\000\040\000C\000o\000n\000c\000e\000p\000t\000s}{subsection.5.7.2}% 114
\BOOKMARK [3][-]{subsubsection.5.7.2.3}{\376\377\0005\000.\0007\000.\0002\000.\0003\000\040\000T\000y\000p\000e\000s}{subsection.5.7.2}% 115
\BOOKMARK [4][-]{paragraph.5.7.2.3.1}{\376\377\0005\000.\0007\000.\0002\000.\0003\000.\0001\000\040\000A\000b\000s\000o\000l\000u\000t\000e}{subsubsection.5.7.2.3}% 116
\BOOKMARK [4][-]{paragraph.5.7.2.3.2}{\376\377\0005\000.\0007\000.\0002\000.\0003\000.\0002\000\040\000R\000e\000l\000a\000t\000i\000v\000e}{subsubsection.5.7.2.3}% 117
\BOOKMARK [4][-]{paragraph.5.7.2.3.3}{\376\377\0005\000.\0007\000.\0002\000.\0003\000.\0003\000\040\000Z\000e\000r\000o\000t\000h}{subsubsection.5.7.2.3}% 118
\BOOKMARK [3][-]{subsubsection.5.7.2.4}{\376\377\0005\000.\0007\000.\0002\000.\0004\000\040\000O\000p\000e\000r\000a\000t\000i\000o\000n\000s}{subsection.5.7.2}% 119
\BOOKMARK [3][-]{subsubsection.5.7.2.5}{\376\377\0005\000.\0007\000.\0002\000.\0005\000\040\000U\000t\000i\000l\000i\000t\000i\000e\000s}{subsection.5.7.2}% 120
\BOOKMARK [4][-]{paragraph.5.7.2.5.1}{\376\377\0005\000.\0007\000.\0002\000.\0005\000.\0001\000\040\000S\000a\000m\000e\000\040\000a\000b\000s\000o\000l\000u\000t\000e}{subsubsection.5.7.2.5}% 121
\BOOKMARK [4][-]{paragraph.5.7.2.5.2}{\376\377\0005\000.\0007\000.\0002\000.\0005\000.\0002\000\040\000D\000e\000f\000a\000u\000l\000t}{subsubsection.5.7.2.5}% 122
\BOOKMARK [2][-]{subsection.5.7.3}{\376\377\0005\000.\0007\000.\0003\000\040\000I\000n\000t\000e\000r\000o\000p\000e\000r\000a\000b\000i\000l\000i\000t\000y}{section.5.7}% 123
\BOOKMARK [2][-]{subsection.5.7.4}{\376\377\0005\000.\0007\000.\0004\000\040\000C\000l\000a\000s\000s\000\040\000t\000e\000m\000p\000l\000a\000t\000e\000\040\000q\000u\000a\000n\000t\000i\000t\000y\000_\000p\000o\000i\000n\000t}{section.5.7}% 124
\BOOKMARK [2][-]{subsection.5.7.5}{\376\377\0005\000.\0007\000.\0005\000\040\000S\000t\000a\000t\000i\000c\000\040\000m\000e\000m\000b\000e\000r\000\040\000f\000u\000n\000c\000t\000i\000o\000n\000s}{section.5.7}% 125
\BOOKMARK [2][-]{subsection.5.7.6}{\376\377\0005\000.\0007\000.\0006\000\040\000C\000o\000n\000s\000t\000r\000u\000c\000t\000o\000r\000s}{section.5.7}% 126
\BOOKMARK [2][-]{subsection.5.7.7}{\376\377\0005\000.\0007\000.\0007\000\040\000C\000o\000n\000v\000e\000r\000s\000i\000o\000n\000s}{section.5.7}% 127
\BOOKMARK [2][-]{subsection.5.7.8}{\376\377\0005\000.\0007\000.\0008\000\040\000Q\000u\000a\000n\000t\000i\000t\000y\000\040\000v\000a\000l\000u\000e\000\040\000o\000b\000s\000e\000r\000v\000e\000r\000s}{section.5.7}% 128
\BOOKMARK [2][-]{subsection.5.7.9}{\376\377\0005\000.\0007\000.\0009\000\040\000C\000o\000n\000v\000e\000r\000s\000i\000o\000n\000\040\000o\000p\000e\000r\000a\000t\000i\000o\000n\000s}{section.5.7}% 129
\BOOKMARK [2][-]{subsection.5.7.10}{\376\377\0005\000.\0007\000.\0001\0000\000\040\000U\000n\000a\000r\000y\000\040\000o\000p\000e\000r\000a\000t\000i\000o\000n\000s}{section.5.7}% 130
\BOOKMARK [2][-]{subsection.5.7.11}{\376\377\0005\000.\0007\000.\0001\0001\000\040\000C\000o\000m\000p\000o\000u\000n\000d\000\040\000a\000s\000s\000i\000g\000n\000m\000e\000n\000t\000\040\000o\000p\000e\000r\000a\000t\000i\000o\000n\000s}{section.5.7}% 131
\BOOKMARK [2][-]{subsection.5.7.12}{\376\377\0005\000.\0007\000.\0001\0002\000\040\000A\000r\000i\000t\000h\000m\000e\000t\000i\000c\000\040\000o\000p\000e\000r\000a\000t\000i\000o\000n\000s}{section.5.7}% 132
\BOOKMARK [2][-]{subsection.5.7.13}{\376\377\0005\000.\0007\000.\0001\0003\000\040\000C\000o\000m\000p\000a\000r\000i\000s\000o\000n}{section.5.7}% 133
\BOOKMARK [2][-]{subsection.5.7.14}{\376\377\0005\000.\0007\000.\0001\0004\000\040\000C\000o\000n\000s\000t\000r\000u\000c\000t\000i\000o\000n\000\040\000h\000e\000l\000p\000e\000r\000\040\000p\000o\000i\000n\000t}{section.5.7}% 134
\BOOKMARK [2][-]{subsection.5.7.15}{\376\377\0005\000.\0007\000.\0001\0005\000\040\000N\000o\000n\000-\000m\000e\000m\000b\000e\000r\000\040\000c\000o\000n\000v\000e\000r\000s\000i\000o\000n\000s}{section.5.7}% 135
\BOOKMARK [1][-]{section.5.8}{\376\377\0005\000.\0008\000\040\000S\000y\000s\000t\000e\000m\000s}{chapter.5}% 136
\BOOKMARK [1][-]{section.5.9}{\376\377\0005\000.\0009\000\040\000s\000t\000d\000:\000:\000c\000h\000r\000o\000n\000o\000\040\000i\000n\000t\000e\000r\000o\000p\000e\000r\000a\000b\000i\000l\000i\000t\000y}{chapter.5}% 137
\BOOKMARK [0][-]{section*.8}{\376\377\000C\000r\000o\000s\000s\000-\000r\000e\000f\000e\000r\000e\000n\000c\000e\000s}{}% 138
\BOOKMARK [0][-]{section*.9}{\376\377\000I\000n\000d\000e\000x}{}% 139
\BOOKMARK [1][-]{pdf.idx.general.A.1}{\376\377\000A}{section*.9}% 140
\BOOKMARK [1][-]{pdf.idx.general.D.1}{\376\377\000D}{section*.9}% 141
\BOOKMARK [1][-]{pdf.idx.general.M.1}{\376\377\000M}{section*.9}% 142
\BOOKMARK [1][-]{pdf.idx.general.N.1}{\376\377\000N}{section*.9}% 143
\BOOKMARK [1][-]{pdf.idx.general.O.1}{\376\377\000O}{section*.9}% 144
\BOOKMARK [1][-]{pdf.idx.general.Q.1}{\376\377\000Q}{section*.9}% 145
\BOOKMARK [1][-]{pdf.idx.general.R.1}{\376\377\000R}{section*.9}% 146
\BOOKMARK [1][-]{pdf.idx.general.S.1}{\376\377\000S}{section*.9}% 147
\BOOKMARK [1][-]{pdf.idx.general.U.1}{\376\377\000U}{section*.9}% 148
\BOOKMARK [0][-]{section*.19}{\376\377\000I\000n\000d\000e\000x\000\040\000o\000f\000\040\000l\000i\000b\000r\000a\000r\000y\000\040\000m\000o\000d\000u\000l\000e\000s}{}% 149
\BOOKMARK [0][-]{section*.20}{\376\377\000I\000n\000d\000e\000x\000\040\000o\000f\000\040\000l\000i\000b\000r\000a\000r\000y\000\040\000n\000a\000m\000e\000s}{}% 150
\BOOKMARK [1][-]{pdf.idx.library.A.1}{\376\377\000A}{section*.20}% 151
\BOOKMARK [1][-]{pdf.idx.library.B.1}{\376\377\000B}{section*.20}% 152
\BOOKMARK [1][-]{pdf.idx.library.C.1}{\376\377\000C}{section*.20}% 153
\BOOKMARK [1][-]{pdf.idx.library.D.1}{\376\377\000D}{section*.20}% 154
\BOOKMARK [1][-]{pdf.idx.library.E.1}{\376\377\000E}{section*.20}% 155
\BOOKMARK [1][-]{pdf.idx.library.F.1}{\376\377\000F}{section*.20}% 156
\BOOKMARK [1][-]{pdf.idx.library.G.1}{\376\377\000G}{section*.20}% 157
\BOOKMARK [1][-]{pdf.idx.library.H.1}{\376\377\000H}{section*.20}% 158
\BOOKMARK [1][-]{pdf.idx.library.I.1}{\376\377\000I}{section*.20}% 159
\BOOKMARK [1][-]{pdf.idx.library.K.1}{\376\377\000K}{section*.20}% 160
\BOOKMARK [1][-]{pdf.idx.library.M.1}{\376\377\000M}{section*.20}% 161
\BOOKMARK [1][-]{pdf.idx.library.N.1}{\376\377\000N}{section*.20}% 162
\BOOKMARK [1][-]{pdf.idx.library.O.1}{\376\377\000O}{section*.20}% 163
\BOOKMARK [1][-]{pdf.idx.library.P.1}{\376\377\000P}{section*.20}% 164
\BOOKMARK [1][-]{pdf.idx.library.Q.1}{\376\377\000Q}{section*.20}% 165
\BOOKMARK [1][-]{pdf.idx.library.R.1}{\376\377\000R}{section*.20}% 166
\BOOKMARK [1][-]{pdf.idx.library.S.1}{\376\377\000S}{section*.20}% 167
\BOOKMARK [1][-]{pdf.idx.library.T.1}{\376\377\000T}{section*.20}% 168
\BOOKMARK [1][-]{pdf.idx.library.U.1}{\376\377\000U}{section*.20}% 169
\BOOKMARK [1][-]{pdf.idx.library.V.1}{\376\377\000V}{section*.20}% 170
\BOOKMARK [1][-]{pdf.idx.library.Z.1}{\376\377\000Z}{section*.20}% 171
\BOOKMARK [0][-]{section*.42}{\376\377\000I\000n\000d\000e\000x\000\040\000o\000f\000\040\000l\000i\000b\000r\000a\000r\000y\000\040\000c\000o\000n\000c\000e\000p\000t\000s}{}% 172
\BOOKMARK [0][-]{section*.43}{\376\377\000I\000n\000d\000e\000x\000\040\000o\000f\000\040\000i\000m\000p\000l\000e\000m\000e\000n\000t\000a\000t\000i\000o\000n\000-\000d\000e\000f\000i\000n\000e\000d\000\040\000b\000e\000h\000a\000v\000i\000o\000r}{}% 173
